<?xml version="1.0" encoding="UTF-8"?>
<!-- Generated by org.testng.reporters.JUnitReportReporter -->
<testsuite hostname="DESKTOP-QL5DTGM" failures="0" tests="2" name="com.cast.crm.OrgTest" time="0.011" errors="0" timestamp="2025-02-18T10:48:57 IST" skipped="0">
  <testcase classname="com.cast.crm.OrgTest" name="createOrgWithIndustry" time="0.003"/>
  <system-out>
    <![CDATA[execute OrgTest with industry]]>
  </system-out>
  <testcase classname="com.cast.crm.OrgTest" name="createOrgTest" time="0.008"/>
  <system-out>
    <![CDATA[execute OrgTest]]>
  </system-out>
</testsuite> <!-- com.cast.crm.OrgTest -->
