<?xml version="1.0" encoding="UTF-8"?>
<!-- Generated by org.testng.reporters.JUnitReportReporter -->
<testsuite hostname="DESKTOP-QL5DTGM" failures="0" tests="1" name="com.comcast.crm.GroupTestcaseTest.CreateConTest" time="4.372" errors="0" timestamp="2025-02-20T16:16:20 IST" skipped="0">
  <testcase classname="com.comcast.crm.GroupTestcaseTest.CreateConTest" name="contactTest" time="4.372"/>
  <system-out/>
</testsuite> <!-- com.comcast.crm.GroupTestcaseTest.CreateConTest -->
