<?xml version="1.0" encoding="UTF-8"?>
<!-- Generated by org.testng.reporters.JUnitReportReporter -->
<testsuite hostname="DESKTOP-QL5DTGM" failures="0" tests="3" name="com.comcast.crm.orgtest.CreateOrganisationTest" time="44.665" errors="0" timestamp="2025-02-19T09:57:21 IST" skipped="0">
  <testcase classname="com.comcast.crm.orgtest.CreateOrganisationTest" name="createOrgwithPhoneNumber" time="11.094"/>
  <system-out/>
  <testcase classname="com.comcast.crm.orgtest.CreateOrganisationTest" name="createOrgWIthIndustry" time="15.891"/>
  <system-out/>
  <testcase classname="com.comcast.crm.orgtest.CreateOrganisationTest" name="createOrgTest" time="17.680"/>
  <system-out/>
</testsuite> <!-- com.comcast.crm.orgtest.CreateOrganisationTest -->
