<?xml version="1.0" encoding="UTF-8"?>
<!-- Generated by org.testng.reporters.JUnitReportReporter -->
<testsuite hostname="DESKTOP-QL5DTGM" failures="0" tests="3" name="com.comcast.crm.GroupTestcaseTest.CreateContactTest" time="43.118" errors="0" timestamp="2025-02-24T17:42:19 IST" skipped="0">
  <testcase classname="com.comcast.crm.GroupTestcaseTest.CreateContactTest" name="createContactTest" time="8.612"/>
  <system-out/>
  <testcase classname="com.comcast.crm.GroupTestcaseTest.CreateContactTest" name="createContactWithOrgTest" time="24.721"/>
  <system-out/>
  <testcase classname="com.comcast.crm.GroupTestcaseTest.CreateContactTest" name="createContactWithSuuportDateTest" time="9.785"/>
  <system-out/>
</testsuite> <!-- com.comcast.crm.GroupTestcaseTest.CreateContactTest -->
