<?xml version="1.0" encoding="UTF-8"?>
<!-- Generated by org.testng.reporters.JUnitReportReporter -->
<testsuite hostname="DESKTOP-QL5DTGM" failures="0" tests="3" name="com.comcast.crm.contacttest.CreateContactUsingBaseClassTest" time="47.182" errors="0" timestamp="2025-02-21T16:29:07 IST" skipped="0">
  <testcase classname="com.comcast.crm.contacttest.CreateContactUsingBaseClassTest" name="createContactWithOrgTest" time="24.518"/>
  <system-out/>
  <testcase classname="com.comcast.crm.contacttest.CreateContactUsingBaseClassTest" name="createContactWithSuuportDateTest" time="11.967"/>
  <system-out/>
  <testcase classname="com.comcast.crm.contacttest.CreateContactUsingBaseClassTest" name="createContactTest" time="10.697"/>
  <system-out/>
</testsuite> <!-- com.comcast.crm.contacttest.CreateContactUsingBaseClassTest -->
