<?xml version="1.0" encoding="UTF-8"?>
<!-- Generated by org.testng.reporters.JUnitReportReporter -->
<testsuite hostname="DESKTOP-QL5DTGM" failures="0" tests="3" name="com.comcast.crm.practicedataprovidertest.GetProductTest" time="65.259" errors="0" timestamp="2025-02-17T15:44:50 IST" skipped="0">
  <testcase classname="com.comcast.crm.practicedataprovidertest.GetProductTest" name="getProductInfoTest" time="26.587"/>
  <system-out/>
  <testcase classname="com.comcast.crm.practicedataprovidertest.GetProductTest" name="getProductInfoTest" time="17.041"/>
  <system-out/>
  <testcase classname="com.comcast.crm.practicedataprovidertest.GetProductTest" name="getProductInfoTest" time="21.631"/>
  <system-out/>
</testsuite> <!-- com.comcast.crm.practicedataprovidertest.GetProductTest -->
