<?xml version="1.0" encoding="UTF-8"?>
<!-- Generated by org.testng.reporters.JUnitReportReporter -->
<testsuite hostname="DESKTOP-QL5DTGM" failures="0" tests="2" name="com.cast.crm.CreateContactTest" time="0.004" errors="0" timestamp="2025-02-18T11:25:41 IST" skipped="0">
  <testcase classname="com.cast.crm.CreateContactTest" name="createContTest" time="0.002"/>
  <system-out>
    <![CDATA[execute ContTest & verify]]>
  </system-out>
  <testcase classname="com.cast.crm.CreateContactTest" name="createContWithDate" time="0.002"/>
  <system-out>
    <![CDATA[execute ContTest with Date & Verify]]>
  </system-out>
</testsuite> <!-- com.cast.crm.CreateContactTest -->
