<?xml version="1.0" encoding="UTF-8"?>
<!-- Generated by org.testng.reporters.JUnitReportReporter -->
<testsuite hostname="DESKTOP-QL5DTGM" failures="0" tests="1" name="com.comcast.crm.practiceall.SampleReportTest" time="8.482" errors="0" timestamp="2025-02-24T11:49:15 IST" skipped="0">
  <testcase classname="com.comcast.crm.practiceall.SampleReportTest" name="createContactTest" time="8.482"/>
  <system-out/>
</testsuite> <!-- com.comcast.crm.practiceall.SampleReportTest -->
