<?xml version="1.0" encoding="UTF-8"?>
<!-- Generated by org.testng.reporters.JUnitReportReporter -->
<testsuite hostname="DESKTOP-QL5DTGM" failures="0" tests="1" name="com.comcast.crm.practicedataprovidertest.TestScriptTest" time="0.021" errors="0" timestamp="2025-02-25T05:21:31 IST" skipped="0">
  <testcase classname="com.comcast.crm.practicedataprovidertest.TestScriptTest" name="Test1" time="0.021"/>
  <system-out/>
</testsuite> <!-- com.comcast.crm.practicedataprovidertest.TestScriptTest -->
