<?xml version="1.0" encoding="UTF-8"?>
<!-- Generated by org.testng.reporters.JUnitReportReporter -->
<testsuite hostname="DESKTOP-QL5DTGM" failures="0" tests="2" name="com.cast.crm.CreateOrgTest" time="0.011" errors="0" timestamp="2025-02-18T11:25:41 IST" skipped="0">
  <testcase classname="com.cast.crm.CreateOrgTest" name="createOrgTest" time="0.007"/>
  <system-out>
    <![CDATA[execute OrgTest & Verify]]>
  </system-out>
  <testcase classname="com.cast.crm.CreateOrgTest" name="createOrgWithIndustry" time="0.004"/>
  <system-out>
    <![CDATA[execute OrgTest with industry & Verify]]>
  </system-out>
</testsuite> <!-- com.cast.crm.CreateOrgTest -->
